<?xml version="1.0" encoding="UTF-8"?>
<testng-results ignored="0" total="1" passed="1" failed="0" skipped="0">
  <reporter-output>
  </reporter-output>
  <suite started-at="2025-01-26T12:13:27 IST" name="Default suite" finished-at="2025-01-26T12:14:12 IST" duration-ms="44628">
    <groups>
    </groups>
    <test started-at="2025-01-26T12:13:27 IST" name="Default test" finished-at="2025-01-26T12:14:12 IST" duration-ms="44628">
      <class name="testFiles.CartPageModule">
        <test-method is-config="true" signature="configureAppium()[pri:0, instance:testFiles.CartPageModule@55182842]" started-at="2025-01-26T12:13:27 IST" name="configureAppium" finished-at="2025-01-26T12:13:41 IST" duration-ms="13918" status="PASS">
          <reporter-output>
          </reporter-output>
        </test-method> <!-- configureAppium -->
        <test-method signature="validationsOnCartPage()[pri:0, instance:testFiles.CartPageModule@55182842]" started-at="2025-01-26T12:13:41 IST" name="validationsOnCartPage" finished-at="2025-01-26T12:14:12 IST" duration-ms="30310" status="PASS">
          <reporter-output>
          </reporter-output>
        </test-method> <!-- validationsOnCartPage -->
        <test-method is-config="true" signature="tearDown()[pri:0, instance:testFiles.CartPageModule@55182842]" started-at="2025-01-26T12:14:12 IST" name="tearDown" finished-at="2025-01-26T12:14:12 IST" duration-ms="370" status="PASS">
          <reporter-output>
          </reporter-output>
        </test-method> <!-- tearDown -->
      </class> <!-- testFiles.CartPageModule -->
    </test> <!-- Default test -->
  </suite> <!-- Default suite -->
</testng-results>
