<?xml version="1.0" encoding="UTF-8"?>
<testng-results ignored="0" total="1" passed="1" failed="0" skipped="0">
  <reporter-output>
  </reporter-output>
  <suite started-at="2025-02-02T11:16:44 IST" name="Default suite" finished-at="2025-02-02T11:17:41 IST" duration-ms="56793">
    <groups>
    </groups>
    <test started-at="2025-02-02T11:16:44 IST" name="Default test" finished-at="2025-02-02T11:17:41 IST" duration-ms="56793">
      <class name="testFiles.WebViewIntraction">
        <test-method is-config="true" signature="configureAppium()[pri:0, instance:testFiles.WebViewIntraction@3270d194]" started-at="2025-02-02T11:16:44 IST" name="configureAppium" finished-at="2025-02-02T11:16:59 IST" duration-ms="15066" status="PASS">
          <reporter-output>
          </reporter-output>
        </test-method> <!-- configureAppium -->
        <test-method signature="HybridAppAutomationFlow()[pri:0, instance:testFiles.WebViewIntraction@3270d194]" started-at="2025-02-02T11:16:59 IST" name="HybridAppAutomationFlow" finished-at="2025-02-02T11:17:40 IST" duration-ms="40695" status="PASS">
          <reporter-output>
          </reporter-output>
        </test-method> <!-- HybridAppAutomationFlow -->
        <test-method is-config="true" signature="tearDown()[pri:0, instance:testFiles.WebViewIntraction@3270d194]" started-at="2025-02-02T11:17:40 IST" name="tearDown" finished-at="2025-02-02T11:17:41 IST" duration-ms="992" status="PASS">
          <reporter-output>
          </reporter-output>
        </test-method> <!-- tearDown -->
      </class> <!-- testFiles.WebViewIntraction -->
    </test> <!-- Default test -->
  </suite> <!-- Default suite -->
</testng-results>
